<?xml version="1.0" encoding="UTF-8"?>
<!-- Generated by org.testng.reporters.JUnitReportReporter -->
<testsuite hostname="DESKTOP-1G3J74F" failures="0" tests="2" name="com.TestNg_IPT.runner.RunnerIPT" time="0.829" errors="0" timestamp="2023-08-29T21:03:12 IST" skipped="0">
  <testcase classname="com.TestNg_IPT.runner.RunnerIPT" name="mom_baby" time="0.496"/>
  <testcase classname="com.TestNg_IPT.runner.RunnerIPT" name="powder" time="0.333"/>
</testsuite> <!-- com.TestNg_IPT.runner.RunnerIPT -->
