<?xml version="1.0" encoding="UTF-8"?>
<!-- Generated by org.testng.reporters.JUnitReportReporter -->
<testsuite hostname="DESKTOP-1G3J74F" failures="0" tests="2" name="com.TestNg_IPT.runner.RunnerIPT1" time="0.536" errors="0" timestamp="2023-08-29T21:08:54 IST" skipped="0">
  <testcase classname="com.TestNg_IPT.runner.RunnerIPT1" name="mom_baby" time="0.222"/>
  <testcase classname="com.TestNg_IPT.runner.RunnerIPT1" name="powder" time="0.314"/>
</testsuite> <!-- com.TestNg_IPT.runner.RunnerIPT1 -->
